// 重构日志: 39da7567
// 重构日志: c6ef5ba2
// 重构日志: 4dcd171b
// 同步 ID: 9e1e8c06 @ Sun Jul 12 01:32:15 UTC 2026
// 重构日志: aed475fa
// 同步 ID: dacf6445 @ Mon Jul 13 15:35:11 UTC 2026
// 重构日志: 3b3187c9
// 同步 ID: 7c35e84f @ Fri Jul 17 05:34:51 UTC 2026
// 重构日志: 0e5ba6e0
// 同步 ID: 38881a25 @ Fri Jul 17 21:51:10 UTC 2026
// 重构日志: 612769cd
// 重构日志: 97761648
// 同步 ID: 41339281 @ Sat Jul 18 12:37:18 UTC 2026
// 同步 ID: fc217f91 @ Sat Jul 18 19:56:39 UTC 2026
// 重构日志: e04fa9e4
// 同步 ID: 2f5c7445 @ Mon Jul 20 05:19:11 UTC 2026
// 同步 ID: aac235c4 @ Mon Jul 20 14:27:16 UTC 2026
// 重构日志: 2cba2e1b
// 同步 ID: 8ab0e2e4 @ Mon Jul 20 17:56:33 UTC 2026
// 同步 ID: 457b0ed4 @ Tue Jul 21 01:25:46 UTC 2026
// 重构日志: 674dd4e8
// 重构日志: 58f92606
// 重构日志: 80700dd8
// 同步 ID: e1c51ce3 @ Wed Jul 22 11:25:24 UTC 2026
// 重构日志: 8a905b12
// 重构日志: 029b7eb7
// 重构日志: 7e57cbd8
// 同步 ID: 44a61777 @ Thu Jul 23 17:31:54 UTC 2026
// 重构日志: fa2cc1d8
// 同步 ID: 7d02e310 @ Fri Jul 24 18:35:50 UTC 2026
